<?xml version="1.0" encoding="UTF-8"?>
<testsuite xmlns:xsi="http://www.w3.org/2001/XMLSchema-instance" xsi:noNamespaceSchemaLocation="https://maven.apache.org/surefire/maven-surefire-plugin/xsd/surefire-test-report.xsd" name="com.stackroute.wishlistms.controller.WishListRestApiTest" time="7.25" tests="6" errors="0" skipped="0" failures="0">
  <properties>
[...]
</properties>
  <testcase name="testAdd_1" classname="com.stackroute.wishlistms.controller.WishListRestApiTest" time="0.384"/>
  <testcase name="testAdd_2" classname="com.stackroute.wishlistms.controller.WishListRestApiTest" time="0.021"/>
  <testcase name="testRemove_1" classname="com.stackroute.wishlistms.controller.WishListRestApiTest" time="0.015"/>
  <testcase name="testRemove_2" classname="com.stackroute.wishlistms.controller.WishListRestApiTest" time="0.016"/>
  <testcase name="testFindAll_1" classname="com.stackroute.wishlistms.controller.WishListRestApiTest" time="0.029"/>
  <testcase name="testFindAll_2" classname="com.stackroute.wishlistms.controller.WishListRestApiTest" time="0.015"/>
</testsuite>